Unity Editor version:    2020.3.17f1 (a4537701e4ab)
Branch:                  2020.3/staging
Build type:              Release
Batch mode:              YES
macOS version:           Version 11.5.1 (Build 20G80)
Darwin version:          20.6.0
Architecture:            x86_64
Running under Rosetta:   NO
Available memory:        8192 MB
Using pre-set license
Pro License: NO

COMMAND LINE ARGUMENTS:
/Applications/2020.3.17f1/Unity.app/Contents/MacOS/Unity
-adb2
-batchMode
-noUpm
-name
AssetImportWorker0
-projectPath
/Users/out-korogodova-mm/Desktop/piscine_unity/Day00
-logFile
Logs/AssetImportWorker0.log
-srvPort
57127
Successfully changed project path to: /Users/out-korogodova-mm/Desktop/piscine_unity/Day00
/Users/out-korogodova-mm/Desktop/piscine_unity/Day00
Using Asset Import Pipeline V2.
Refreshing native plugins compatible for Editor in 31.79 ms, found 2 plugins.
Preloading 0 native plugins for Editor in 0.00 ms.
Initialize engine version: 2020.3.17f1 (a4537701e4ab)
[Subsystems] Discovering subsystems at path /Applications/2020.3.17f1/Unity.app/Contents/Resources/UnitySubsystems
[Subsystems] Discovering subsystems at path /Users/out-korogodova-mm/Desktop/piscine_unity/Day00/Assets
GfxDevice: creating device client; threaded=0
2021-09-06 13:51:24.271 Unity[11430:273823] Color LCD preferred device: Intel(R) Iris(TM) Plus Graphics 645 (low power)
2021-09-06 13:51:24.271 Unity[11430:273823] Metal devices available: 1
2021-09-06 13:51:24.271 Unity[11430:273823] 0: Intel(R) Iris(TM) Plus Graphics 645 (low power)
2021-09-06 13:51:24.271 Unity[11430:273823] Using device Intel(R) Iris(TM) Plus Graphics 645 (low power)
Initializing Metal device caps: Intel(R) Iris(TM) Plus Graphics 645
Initialize mono
Mono path[0] = '/Applications/2020.3.17f1/Unity.app/Contents/Managed'
Mono path[1] = '/Applications/2020.3.17f1/Unity.app/Contents/MonoBleedingEdge/lib/mono/unityjit'
Mono config path = '/Applications/2020.3.17f1/Unity.app/Contents/MonoBleedingEdge/etc'
Using monoOptions --debugger-agent=transport=dt_socket,embedding=1,server=y,suspend=n,address=127.0.0.1:56430
Begin MonoManager ReloadAssembly
Registering precompiled unity dll's ...
Register platform support module: /Applications/2020.3.17f1/PlaybackEngines/WebGLSupport/UnityEditor.WebGL.Extensions.dll
Register platform support module: /Applications/2020.3.17f1/Unity.app/Contents/PlaybackEngines/MacStandaloneSupport/UnityEditor.OSXStandalone.Extensions.dll
Registered in 0.000790 seconds.
Native extension for OSXStandalone target not found
Native extension for WebGL target not found
Refreshing native plugins compatible for Editor in 29.20 ms, found 2 plugins.
Preloading 0 native plugins for Editor in 0.00 ms.
Mono: successfully reloaded assembly
- Completed reload, in  1.561 seconds
Domain Reload Profiling:
	ReloadAssembly (1561ms)
		BeginReloadAssembly (49ms)
			ExecutionOrderSort (0ms)
			DisableScriptedObjects (0ms)
			BackupInstance (0ms)
			ReleaseScriptingObjects (0ms)
			CreateAndSetChildDomain (1ms)
		EndReloadAssembly (506ms)
			LoadAssemblies (49ms)
			RebuildTransferFunctionScriptingTraits (0ms)
			SetupTypeCache (216ms)
			ReleaseScriptCaches (0ms)
			RebuildScriptCaches (44ms)
			SetupLoadedEditorAssemblies (186ms)
				LogAssemblyErrors (0ms)
				InitializePlatformSupportModulesInManaged (5ms)
				SetLoadedEditorAssemblies (0ms)
				RefreshPlugins (29ms)
				BeforeProcessingInitializeOnLoad (8ms)
				ProcessInitializeOnLoadAttributes (108ms)
				ProcessInitializeOnLoadMethodAttributes (36ms)
				AfterProcessingInitializeOnLoad (0ms)
				EditorAssembliesLoaded (0ms)
			ExecutionOrderSort2 (0ms)
			AwakeInstancesAfterBackupRestoration (0ms)
Platform modules already initialized, skipping
Registering precompiled user dll's ...
Registered in 0.001792 seconds.
Begin MonoManager ReloadAssembly
Native extension for OSXStandalone target not found
Native extension for WebGL target not found
Refreshing native plugins compatible for Editor in 0.35 ms, found 2 plugins.
Preloading 0 native plugins for Editor in 0.00 ms.
Mono: successfully reloaded assembly
- Completed reload, in  1.321 seconds
Domain Reload Profiling:
	ReloadAssembly (1322ms)
		BeginReloadAssembly (190ms)
			ExecutionOrderSort (0ms)
			DisableScriptedObjects (6ms)
			BackupInstance (0ms)
			ReleaseScriptingObjects (0ms)
			CreateAndSetChildDomain (39ms)
		EndReloadAssembly (1055ms)
			LoadAssemblies (82ms)
			RebuildTransferFunctionScriptingTraits (0ms)
			SetupTypeCache (377ms)
			ReleaseScriptCaches (0ms)
			RebuildScriptCaches (60ms)
			SetupLoadedEditorAssemblies (407ms)
				LogAssemblyErrors (0ms)
				InitializePlatformSupportModulesInManaged (8ms)
				SetLoadedEditorAssemblies (1ms)
				RefreshPlugins (0ms)
				BeforeProcessingInitializeOnLoad (55ms)
				ProcessInitializeOnLoadAttributes (337ms)
				ProcessInitializeOnLoadMethodAttributes (4ms)
				AfterProcessingInitializeOnLoad (1ms)
				EditorAssembliesLoaded (0ms)
			ExecutionOrderSort2 (0ms)
			AwakeInstancesAfterBackupRestoration (8ms)
Platform modules already initialized, skipping
Validating Project structure ... 0.000652 seconds.
Shader import version has changed; will reimport all shaders...
Upgrading shader files ...0.001129 seconds.
Application.AssetDatabase Initial Script Refresh Start
RefreshInfo: InitialScriptRefreshV2(NoUpdateAssetOptions) scanfilter:  ... 1 filters
RefreshProfiler: Total: 0.000ms
Application.AssetDatabase Initial Script Refresh End
Application.AssetDatabase.Refresh Start
Application.AssetDatabase.Refresh End
RefreshInfo: StopAssetImportingV2(ForceSynchronousImport) scanfilter: 
RefreshProfiler: Total: 0.000ms
Launching external process: /Applications/2020.3.17f1/Unity.app/Contents/Tools/UnityShaderCompiler
Launched and connected shader compiler UnityShaderCompiler after 0.02 seconds
Initializing Unity extensions:
========================================================================
Worker process is ready to serve import requests
Refreshing native plugins compatible for Editor in 0.27 ms, found 2 plugins.
Preloading 0 native plugins for Editor in 0.00 ms.
Unloading 1401 Unused Serialized files (Serialized files now loaded: 0)
System memory in use before: 157.7 MB.
System memory in use after: 156.9 MB.

Unloading 82 unused Assets to reduce memory usage. Loaded Objects now: 1873.
Total: 3.878026 ms (FindLiveObjects: 0.165037 ms CreateObjectMapping: 0.048447 ms MarkObjects: 2.957603 ms  DeleteObjects: 0.705566 ms)

AssetImportParameters requested are different than current active one (requested -> active):
  custom:video-decoder-ogg-theora: a1e56fd34408186e4bbccfd4996cb3dc -> 
  custom:container-muxer-webm: aa71ff27fc2769a1b78a27578f13a17b -> 
  custom:container-demuxer-webm: 4f35f7cbe854078d1ac9338744f61a02 -> 
  custom:container-demuxer-ogg: 62fdf1f143b41e24485cea50d1cbac27 -> 
  custom:video-encoder-webm-vp8: eb34c28f22e8b96e1ab97ce403110664 -> 
  custom:framework-osx-AVFoundation: e770b220cccbd017edd2c1fefb359320 -> 
  custom:video-decoder-webm-vp8: 9c59270c3fd7afecdb556c50c9e8de78 -> 
  custom:audio-decoder-ogg-vorbis: bf7c407c2cedff20999df2af8eb42d56 -> 
  custom:audio-encoder-webm-vorbis: bf7c407c2cedff20999df2af8eb42d56 -> 
========================================================================
Received Import Request.
  path: Assets/ex00/Scenes/ex00.unity
  artifactKey: Guid(a78bd039bfe004e779ecbe5925c259f5) Importer(815301076,1909f56bfc062723c751e8b465ee728b)
Start importing Assets/ex00/Scenes/ex00.unity using Guid(a78bd039bfe004e779ecbe5925c259f5) Importer(815301076,1909f56bfc062723c751e8b465ee728b)  -> (artifact id: 'c64b6a9d7602a6575b3e3366d568be74') in 0.009131 seconds 
  Import took 0.011444 seconds .

========================================================================
Received Import Request.
  Time since last request: 0.000314 seconds.
  path: Assets/ex00
  artifactKey: Guid(e086edde9dd4d45988c8287ebd377fe8) Importer(815301076,1909f56bfc062723c751e8b465ee728b)
Start importing Assets/ex00 using Guid(e086edde9dd4d45988c8287ebd377fe8) Importer(815301076,1909f56bfc062723c751e8b465ee728b)  -> (artifact id: 'd50bced5875cda18b7ab1ffb75e173d3') in 0.000902 seconds 
  Import took 0.003071 seconds .

========================================================================
Received Import Request.
  Time since last request: 0.000224 seconds.
  path: Assets/ex00/Scenes
  artifactKey: Guid(cab59b21e7adc47f3a22583ceed53acb) Importer(815301076,1909f56bfc062723c751e8b465ee728b)
Start importing Assets/ex00/Scenes using Guid(cab59b21e7adc47f3a22583ceed53acb) Importer(815301076,1909f56bfc062723c751e8b465ee728b)  -> (artifact id: '13adf4a81ef52a705ab83fe23ded1be8') in 0.001108 seconds 
  Import took 0.003239 seconds .

========================================================================
Received Import Request.
  Time since last request: 1.543998 seconds.
  path: Assets/ex00/Scenes/ex00.unity
  artifactKey: Guid(a78bd039bfe004e779ecbe5925c259f5) Importer(815301076,1909f56bfc062723c751e8b465ee728b)
Start importing Assets/ex00/Scenes/ex00.unity using Guid(a78bd039bfe004e779ecbe5925c259f5) Importer(815301076,1909f56bfc062723c751e8b465ee728b)  -> (artifact id: 'c64b6a9d7602a6575b3e3366d568be74') in 0.001284 seconds 
  Import took 0.004005 seconds .

========================================================================
Received Prepare
Registering precompiled user dll's ...
Registered in 0.002797 seconds.
Begin MonoManager ReloadAssembly
Native extension for OSXStandalone target not found
Native extension for WebGL target not found
Refreshing native plugins compatible for Editor in 0.33 ms, found 2 plugins.
Preloading 0 native plugins for Editor in 0.00 ms.
Mono: successfully reloaded assembly
- Completed reload, in  1.475 seconds
Domain Reload Profiling:
	ReloadAssembly (1476ms)
		BeginReloadAssembly (180ms)
			ExecutionOrderSort (0ms)
			DisableScriptedObjects (8ms)
			BackupInstance (0ms)
			ReleaseScriptingObjects (0ms)
			CreateAndSetChildDomain (88ms)
		EndReloadAssembly (1204ms)
			LoadAssemblies (97ms)
			RebuildTransferFunctionScriptingTraits (0ms)
			SetupTypeCache (421ms)
			ReleaseScriptCaches (1ms)
			RebuildScriptCaches (64ms)
			SetupLoadedEditorAssemblies (471ms)
				LogAssemblyErrors (0ms)
				InitializePlatformSupportModulesInManaged (7ms)
				SetLoadedEditorAssemblies (0ms)
				RefreshPlugins (0ms)
				BeforeProcessingInitializeOnLoad (109ms)
				ProcessInitializeOnLoadAttributes (349ms)
				ProcessInitializeOnLoadMethodAttributes (4ms)
				AfterProcessingInitializeOnLoad (2ms)
				EditorAssembliesLoaded (0ms)
			ExecutionOrderSort2 (0ms)
			AwakeInstancesAfterBackupRestoration (11ms)
Platform modules already initialized, skipping
Refreshing native plugins compatible for Editor in 0.55 ms, found 2 plugins.
Preloading 0 native plugins for Editor in 0.00 ms.
Unloading 1395 Unused Serialized files (Serialized files now loaded: 0)
System memory in use before: 155.9 MB.
System memory in use after: 156.0 MB.

Unloading 14 unused Assets to reduce memory usage. Loaded Objects now: 1876.
Total: 2.981592 ms (FindLiveObjects: 0.231784 ms CreateObjectMapping: 0.063189 ms MarkObjects: 2.667348 ms  DeleteObjects: 0.017981 ms)

AssetImportParameters requested are different than current active one (requested -> active):
  custom:video-decoder-ogg-theora: a1e56fd34408186e4bbccfd4996cb3dc -> 
  custom:container-muxer-webm: aa71ff27fc2769a1b78a27578f13a17b -> 
  custom:container-demuxer-webm: 4f35f7cbe854078d1ac9338744f61a02 -> 
  custom:container-demuxer-ogg: 62fdf1f143b41e24485cea50d1cbac27 -> 
  custom:video-encoder-webm-vp8: eb34c28f22e8b96e1ab97ce403110664 -> 
  custom:framework-osx-AVFoundation: e770b220cccbd017edd2c1fefb359320 -> 
  custom:video-decoder-webm-vp8: 9c59270c3fd7afecdb556c50c9e8de78 -> 
  custom:audio-decoder-ogg-vorbis: bf7c407c2cedff20999df2af8eb42d56 -> 
  custom:audio-encoder-webm-vorbis: bf7c407c2cedff20999df2af8eb42d56 -> 
========================================================================
Received Import Request.
  Time since last request: 124.989361 seconds.
  path: Assets/ex00/Sprites/baloon source.psd
  artifactKey: Guid(c5970bdddf17f4bef80c6b2ff8f5787e) Importer(815301076,1909f56bfc062723c751e8b465ee728b)
Start importing Assets/ex00/Sprites/baloon source.psd using Guid(c5970bdddf17f4bef80c6b2ff8f5787e) Importer(815301076,1909f56bfc062723c751e8b465ee728b)  -> (artifact id: '89fe971eb1af40d2a7e8472b2803b5c1') in 1.165566 seconds 
  Import took 1.169112 seconds .

========================================================================
Received Import Request.
  Time since last request: 0.004934 seconds.
  path: Assets/ex00/Sprites/baloon.png
  artifactKey: Guid(9c4f2a9ff72a74376bec1b06b11c123c) Importer(815301076,1909f56bfc062723c751e8b465ee728b)
Start importing Assets/ex00/Sprites/baloon.png using Guid(9c4f2a9ff72a74376bec1b06b11c123c) Importer(815301076,1909f56bfc062723c751e8b465ee728b)  -> (artifact id: '87a0b51b2259fa79aec15d2a9f64c9fc') in 1.185333 seconds 
  Import took 1.188156 seconds .

========================================================================
Received Import Request.
  Time since last request: 106.905264 seconds.
  path: Assets/ex00/Models
  artifactKey: Guid(5622da8ac98e14131a6793c73f153229) Importer(815301076,1909f56bfc062723c751e8b465ee728b)
Start importing Assets/ex00/Models using Guid(5622da8ac98e14131a6793c73f153229) Importer(815301076,1909f56bfc062723c751e8b465ee728b)  -> (artifact id: '93b784d7389df287301ce8eab17f5bcb') in 0.001140 seconds 
  Import took 0.004393 seconds .

========================================================================
Received Prepare
Registering precompiled user dll's ...
Registered in 0.003982 seconds.
Begin MonoManager ReloadAssembly
Native extension for OSXStandalone target not found
Native extension for WebGL target not found
Refreshing native plugins compatible for Editor in 0.32 ms, found 2 plugins.
Preloading 0 native plugins for Editor in 0.00 ms.
Mono: successfully reloaded assembly
- Completed reload, in  1.235 seconds
Domain Reload Profiling:
	ReloadAssembly (1236ms)
		BeginReloadAssembly (140ms)
			ExecutionOrderSort (0ms)
			DisableScriptedObjects (5ms)
			BackupInstance (0ms)
			ReleaseScriptingObjects (0ms)
			CreateAndSetChildDomain (69ms)
		EndReloadAssembly (1024ms)
			LoadAssemblies (79ms)
			RebuildTransferFunctionScriptingTraits (0ms)
			SetupTypeCache (351ms)
			ReleaseScriptCaches (1ms)
			RebuildScriptCaches (59ms)
			SetupLoadedEditorAssemblies (404ms)
				LogAssemblyErrors (0ms)
				InitializePlatformSupportModulesInManaged (7ms)
				SetLoadedEditorAssemblies (0ms)
				RefreshPlugins (0ms)
				BeforeProcessingInitializeOnLoad (96ms)
				ProcessInitializeOnLoadAttributes (295ms)
				ProcessInitializeOnLoadMethodAttributes (4ms)
				AfterProcessingInitializeOnLoad (1ms)
				EditorAssembliesLoaded (0ms)
			ExecutionOrderSort2 (0ms)
			AwakeInstancesAfterBackupRestoration (8ms)
Platform modules already initialized, skipping
Refreshing native plugins compatible for Editor in 0.38 ms, found 2 plugins.
Preloading 0 native plugins for Editor in 0.00 ms.
Unloading 1395 Unused Serialized files (Serialized files now loaded: 0)
System memory in use before: 164.6 MB.
System memory in use after: 164.7 MB.

Unloading 13 unused Assets to reduce memory usage. Loaded Objects now: 1883.
Total: 3.215104 ms (FindLiveObjects: 0.168360 ms CreateObjectMapping: 0.044873 ms MarkObjects: 2.982046 ms  DeleteObjects: 0.018681 ms)

AssetImportParameters requested are different than current active one (requested -> active):
  custom:video-decoder-ogg-theora: a1e56fd34408186e4bbccfd4996cb3dc -> 
  custom:container-muxer-webm: aa71ff27fc2769a1b78a27578f13a17b -> 
  custom:container-demuxer-webm: 4f35f7cbe854078d1ac9338744f61a02 -> 
  custom:container-demuxer-ogg: 62fdf1f143b41e24485cea50d1cbac27 -> 
  custom:video-encoder-webm-vp8: eb34c28f22e8b96e1ab97ce403110664 -> 
  custom:framework-osx-AVFoundation: e770b220cccbd017edd2c1fefb359320 -> 
  custom:video-decoder-webm-vp8: 9c59270c3fd7afecdb556c50c9e8de78 -> 
  custom:audio-decoder-ogg-vorbis: bf7c407c2cedff20999df2af8eb42d56 -> 
  custom:audio-encoder-webm-vorbis: bf7c407c2cedff20999df2af8eb42d56 -> 
========================================================================
Received Import Request.
  Time since last request: 5.620928 seconds.
  path: Assets/ex00/Scripts
  artifactKey: Guid(9fb5334e34ade469f970560e0c011009) Importer(815301076,1909f56bfc062723c751e8b465ee728b)
Start importing Assets/ex00/Scripts using Guid(9fb5334e34ade469f970560e0c011009) Importer(815301076,1909f56bfc062723c751e8b465ee728b)  -> (artifact id: '4d79f5f8816e4330120cc5449d67d117') in 0.003309 seconds 
  Import took 0.005729 seconds .

========================================================================
Received Import Request.
  Time since last request: 9.185278 seconds.
  path: Assets/ex01
  artifactKey: Guid(d1a4dea87fbed458f82463c62eb99aa8) Importer(815301076,1909f56bfc062723c751e8b465ee728b)
Start importing Assets/ex01 using Guid(d1a4dea87fbed458f82463c62eb99aa8) Importer(815301076,1909f56bfc062723c751e8b465ee728b)  -> (artifact id: '4e422b28144a67587123d249d905bc5b') in 0.001444 seconds 
  Import took 0.005944 seconds .

========================================================================
Received Import Request.
  Time since last request: 1.651850 seconds.
  path: Assets/ex01/Scenes
  artifactKey: Guid(6b23fcaab04eb4244b54c79ffdb1ade0) Importer(815301076,1909f56bfc062723c751e8b465ee728b)
Start importing Assets/ex01/Scenes using Guid(6b23fcaab04eb4244b54c79ffdb1ade0) Importer(815301076,1909f56bfc062723c751e8b465ee728b)  -> (artifact id: '2bef0783855d7807c00fc9c1bb267dc5') in 0.001688 seconds 
  Import took 0.006627 seconds .

========================================================================
Received Import Request.
  Time since last request: 0.001035 seconds.
  path: Assets/ex01/Scenes
  artifactKey: Guid(6b23fcaab04eb4244b54c79ffdb1ade0) Importer(815301076,1909f56bfc062723c751e8b465ee728b)
Start importing Assets/ex01/Scenes using Guid(6b23fcaab04eb4244b54c79ffdb1ade0) Importer(815301076,1909f56bfc062723c751e8b465ee728b)  -> (artifact id: '2bef0783855d7807c00fc9c1bb267dc5') in 0.002158 seconds 
  Import took 0.008077 seconds .

========================================================================
Received Import Request.
  Time since last request: 1.414969 seconds.
  path: Assets/ex01/Scenes/ex01.unity
  artifactKey: Guid(22aafc85bd69845dab643767a69a05c7) Importer(815301076,1909f56bfc062723c751e8b465ee728b)
Start importing Assets/ex01/Scenes/ex01.unity using Guid(22aafc85bd69845dab643767a69a05c7) Importer(815301076,1909f56bfc062723c751e8b465ee728b)  -> (artifact id: '3209d73109de4c009b0df31fd933c76f') in 0.017175 seconds 
  Import took 0.020843 seconds .

========================================================================
Received Import Request.
  Time since last request: 2.207072 seconds.
  path: Assets/ex01/Sprites
  artifactKey: Guid(47c01d10ff1c34d2599d35a64df12b8e) Importer(815301076,1909f56bfc062723c751e8b465ee728b)
Start importing Assets/ex01/Sprites using Guid(47c01d10ff1c34d2599d35a64df12b8e) Importer(815301076,1909f56bfc062723c751e8b465ee728b)  -> (artifact id: '5e67161228c788e17138cd9eaa5e9983') in 0.001790 seconds 
  Import took 0.006537 seconds .

========================================================================
Received Import Request.
  Time since last request: 0.068127 seconds.
  path: Assets/ex01/Sprites/a.png
  artifactKey: Guid(2f7c9ddeba79c4f1eb4bd9f530c72c22) Importer(815301076,1909f56bfc062723c751e8b465ee728b)
Start importing Assets/ex01/Sprites/a.png using Guid(2f7c9ddeba79c4f1eb4bd9f530c72c22) Importer(815301076,1909f56bfc062723c751e8b465ee728b)  -> (artifact id: '72735b53091165e8ab3b99f781266c4f') in 0.067282 seconds 
  Import took 0.070616 seconds .

========================================================================
Received Import Request.
  Time since last request: 0.000286 seconds.
  path: Assets/ex01/Sprites/vline.png
  artifactKey: Guid(f8d29673cd48740b18a2ed84940cb4c5) Importer(815301076,1909f56bfc062723c751e8b465ee728b)
Start importing Assets/ex01/Sprites/vline.png using Guid(f8d29673cd48740b18a2ed84940cb4c5) Importer(815301076,1909f56bfc062723c751e8b465ee728b)  -> (artifact id: 'b6c3f19232e60ac2c70cbeb429725cca') in 0.013551 seconds 
  Import took 0.017706 seconds .

========================================================================
Received Import Request.
  Time since last request: 0.000368 seconds.
  path: Assets/ex01/Sprites/line source.psd
  artifactKey: Guid(5b04f1b04ebf743b3bbd1347f92f912a) Importer(815301076,1909f56bfc062723c751e8b465ee728b)
Start importing Assets/ex01/Sprites/line source.psd using Guid(5b04f1b04ebf743b3bbd1347f92f912a) Importer(815301076,1909f56bfc062723c751e8b465ee728b)  -> (artifact id: '39aeb13d933e396aec9850b7c23b279a') in 0.020146 seconds 
  Import took 0.023786 seconds .

========================================================================
Received Import Request.
  Time since last request: 0.000446 seconds.
  path: Assets/ex01/Sprites/s.png
  artifactKey: Guid(2f3399c354287428e93af2041982fb26) Importer(815301076,1909f56bfc062723c751e8b465ee728b)
Start importing Assets/ex01/Sprites/s.png using Guid(2f3399c354287428e93af2041982fb26) Importer(815301076,1909f56bfc062723c751e8b465ee728b)  -> (artifact id: 'f7f8778c0665804abdcab0d7f9df186c') in 0.016513 seconds 
  Import took 0.019458 seconds .

========================================================================
Received Import Request.
  Time since last request: 0.000249 seconds.
  path: Assets/ex01/Sprites/d.png
  artifactKey: Guid(2b95659c759314480a1b07b5af970815) Importer(815301076,1909f56bfc062723c751e8b465ee728b)
Start importing Assets/ex01/Sprites/d.png using Guid(2b95659c759314480a1b07b5af970815) Importer(815301076,1909f56bfc062723c751e8b465ee728b)  -> (artifact id: 'b9e8987dc369748b79fdf8f45e9389f1') in 0.024618 seconds 
  Import took 0.027044 seconds .

========================================================================
Received Import Request.
  Time since last request: 0.000296 seconds.
  path: Assets/ex01/Sprites/key.psd
  artifactKey: Guid(07afc94e8ea094886b56a8bb3f9e275d) Importer(815301076,1909f56bfc062723c751e8b465ee728b)
Start importing Assets/ex01/Sprites/key.psd using Guid(07afc94e8ea094886b56a8bb3f9e275d) Importer(815301076,1909f56bfc062723c751e8b465ee728b)  -> (artifact id: '59132c2d6a0b04d2fe400ae4a612f6e0') in 0.039374 seconds 
  Import took 0.043302 seconds .

========================================================================
Received Import Request.
  Time since last request: 0.000488 seconds.
  path: Assets/ex01/Sprites/line.png
  artifactKey: Guid(0f6a30f5869fc4a74af68306d4f18133) Importer(815301076,1909f56bfc062723c751e8b465ee728b)
Start importing Assets/ex01/Sprites/line.png using Guid(0f6a30f5869fc4a74af68306d4f18133) Importer(815301076,1909f56bfc062723c751e8b465ee728b)  -> (artifact id: 'acc99c4bc7fa2a64390cbbb93c154ce7') in 0.012567 seconds 
  Import took 0.016400 seconds .

========================================================================
Received Import Request.
  Time since last request: 0.005365 seconds.
  path: Assets/ex01/Sprites/line.png
  artifactKey: Guid(0f6a30f5869fc4a74af68306d4f18133) Importer(815301076,1909f56bfc062723c751e8b465ee728b)
Start importing Assets/ex01/Sprites/line.png using Guid(0f6a30f5869fc4a74af68306d4f18133) Importer(815301076,1909f56bfc062723c751e8b465ee728b)  -> (artifact id: 'acc99c4bc7fa2a64390cbbb93c154ce7') in 0.037037 seconds 
  Import took 0.041373 seconds .

